<?xml version="1.0" encoding="UTF-8" ?>
<testsuite tests="11" failures="0" name="suites.TestSuite" time="484.385" errors="0" skipped="0">
  <properties>
    <property name="java.runtime.name" value="Java(TM) SE Runtime Environment"/>
    <property name="sun.boot.library.path" value="/usr/java/jdk1.8.0_311/jre/lib/amd64"/>
    <property name="java.vm.version" value="25.311-b11"/>
    <property name="java.vm.vendor" value="Oracle Corporation"/>
    <property name="maven.multiModuleProjectDirectory" value="/home/dmitryskalnenkov/GitRepos/JavaAppium"/>
    <property name="java.vendor.url" value="http://java.oracle.com/"/>
    <property name="path.separator" value=":"/>
    <property name="guice.disable.misplaced.annotation.check" value="true"/>
    <property name="java.vm.name" value="Java HotSpot(TM) 64-Bit Server VM"/>
    <property name="file.encoding.pkg" value="sun.io"/>
    <property name="user.country" value="US"/>
    <property name="sun.java.launcher" value="SUN_STANDARD"/>
    <property name="sun.os.patch.level" value="unknown"/>
    <property name="test" value="TestSuite"/>
    <property name="java.vm.specification.name" value="Java Virtual Machine Specification"/>
    <property name="user.dir" value="/home/dmitryskalnenkov/GitRepos/JavaAppium"/>
    <property name="java.runtime.version" value="1.8.0_311-b11"/>
    <property name="java.awt.graphicsenv" value="sun.awt.X11GraphicsEnvironment"/>
    <property name="java.endorsed.dirs" value="/usr/java/jdk1.8.0_311/jre/lib/endorsed"/>
    <property name="os.arch" value="amd64"/>
    <property name="java.io.tmpdir" value="/tmp"/>
    <property name="line.separator" value="
"/>
    <property name="java.vm.specification.vendor" value="Oracle Corporation"/>
    <property name="os.name" value="Linux"/>
    <property name="classworlds.conf" value="//home/dmitryskalnenkov/Apps/apache-maven-3.8.4/bin/m2.conf"/>
    <property name="sun.jnu.encoding" value="UTF-8"/>
    <property name="java.library.path" value="/usr/java/packages/lib/amd64:/usr/lib64:/lib64:/lib:/usr/lib"/>
    <property name="maven.conf" value="//home/dmitryskalnenkov/Apps/apache-maven-3.8.4/conf"/>
    <property name="java.specification.name" value="Java Platform API Specification"/>
    <property name="java.class.version" value="52.0"/>
    <property name="sun.management.compiler" value="HotSpot 64-Bit Tiered Compilers"/>
    <property name="os.version" value="5.10.0-9-amd64"/>
    <property name="library.jansi.path" value="//home/dmitryskalnenkov/Apps/apache-maven-3.8.4/lib/jansi-native"/>
    <property name="user.home" value="/var/lib/jenkins"/>
    <property name="user.timezone" value="Europe/Moscow"/>
    <property name="java.awt.printerjob" value="sun.print.PSPrinterJob"/>
    <property name="java.specification.version" value="1.8"/>
    <property name="file.encoding" value="UTF-8"/>
    <property name="user.name" value="jenkins"/>
    <property name="java.class.path" value="//home/dmitryskalnenkov/Apps/apache-maven-3.8.4/boot/plexus-classworlds-2.6.0.jar"/>
    <property name="java.vm.specification.version" value="1.8"/>
    <property name="sun.arch.data.model" value="64"/>
    <property name="java.home" value="/usr/java/jdk1.8.0_311/jre"/>
    <property name="sun.java.command" value="org.codehaus.plexus.classworlds.launcher.Launcher -Dtest=TestSuite test"/>
    <property name="java.specification.vendor" value="Oracle Corporation"/>
    <property name="user.language" value="en"/>
    <property name="awt.toolkit" value="sun.awt.X11.XToolkit"/>
    <property name="java.vm.info" value="mixed mode"/>
    <property name="java.version" value="1.8.0_311"/>
    <property name="java.ext.dirs" value="/usr/java/jdk1.8.0_311/jre/lib/ext:/usr/java/packages/lib/ext"/>
    <property name="sun.boot.class.path" value="/usr/java/jdk1.8.0_311/jre/lib/resources.jar:/usr/java/jdk1.8.0_311/jre/lib/rt.jar:/usr/java/jdk1.8.0_311/jre/lib/sunrsasign.jar:/usr/java/jdk1.8.0_311/jre/lib/jsse.jar:/usr/java/jdk1.8.0_311/jre/lib/jce.jar:/usr/java/jdk1.8.0_311/jre/lib/charsets.jar:/usr/java/jdk1.8.0_311/jre/lib/jfr.jar:/usr/java/jdk1.8.0_311/jre/classes"/>
    <property name="java.vendor" value="Oracle Corporation"/>
    <property name="maven.home" value="/home/dmitryskalnenkov/Apps/apache-maven-3.8.4"/>
    <property name="file.separator" value="/"/>
    <property name="java.vendor.url.bug" value="http://bugreport.sun.com/bugreport/"/>
    <property name="sun.cpu.endian" value="little"/>
    <property name="sun.io.unicode.encoding" value="UnicodeLittle"/>
    <property name="sun.cpu.isalist" value=""/>
  </properties>
  <testcase classname="tests.ArticleTests" name="testCompareArticleTitle" time="42.724"/>
  <testcase classname="tests.ArticleTests" name="testSwipeArticle" time="58.169"/>
  <testcase classname="tests.MyListsTests" name="testSaveFirstArticleToMyList" time="70.329"/>
  <testcase classname="tests.SearchTests" name="testAmountOfNotEmptySearch" time="36.896"/>
  <testcase classname="tests.SearchTests" name="testAmountOfEmptySearch" time="33.374"/>
  <testcase classname="tests.SearchTests" name="testCancelSearch" time="34.402"/>
  <testcase classname="tests.SearchTests" name="testSearchByTitleAndDescription" time="36.416"/>
  <testcase classname="tests.SearchTests" name="testSearchTextAndCancel" time="47.736"/>
  <testcase classname="tests.SearchTests" name="testSearch" time="40.784"/>
  <testcase classname="tests.ChangeAppConditionTests" name="testChangeScreenOrientationOnSearchResults" time="42.111"/>
  <testcase classname="tests.ChangeAppConditionTests" name="testCheckSearchArticleInBackground" time="41.444"/>
</testsuite>